#! /usr/bin/vvp
:ivl_version "11.0 (stable)";
:ivl_delay_selection "TYPICAL";
:vpi_time_precision - 12;
:vpi_module "/usr/lib/x86_64-linux-gnu/ivl/system.vpi";
:vpi_module "/usr/lib/x86_64-linux-gnu/ivl/vhdl_sys.vpi";
:vpi_module "/usr/lib/x86_64-linux-gnu/ivl/vhdl_textio.vpi";
:vpi_module "/usr/lib/x86_64-linux-gnu/ivl/v2005_math.vpi";
:vpi_module "/usr/lib/x86_64-linux-gnu/ivl/va_math.vpi";
S_0x55f5159693b0 .scope module, "tb" "tb" 2 2;
 .timescale -9 -12;
v0x55f51597e210_0 .var "clk", 0 0;
v0x55f51597e2b0_0 .net "led", 0 0, v0x55f51597ded0_0;  1 drivers
v0x55f51597e380_0 .var "rst", 0 0;
S_0x55f515969540 .scope module, "l" "led" 2 9, 3 1 0, S_0x55f5159693b0;
 .timescale 0 0;
    .port_info 0 /INPUT 1 "clk";
    .port_info 1 /INPUT 1 "rst";
    .port_info 2 /OUTPUT 1 "led";
P_0x55f515969720 .param/l "T" 0 3 6, +C4<00000001011111010111100001000000>;
v0x55f51592eba0_0 .net "clk", 0 0, v0x55f51597e210_0;  1 drivers
v0x55f51597ddf0_0 .var "counter", 23 0;
v0x55f51597ded0_0 .var "led", 0 0;
v0x55f51597dfa0_0 .var "n", 3 0;
v0x55f51597e080_0 .net "rst", 0 0, v0x55f51597e380_0;  1 drivers
E_0x55f51592d7c0 .event posedge, v0x55f51592eba0_0;
    .scope S_0x55f515969540;
T_0 ;
    %pushi/vec4 0, 0, 1;
    %store/vec4 v0x55f51597ded0_0, 0, 1;
    %pushi/vec4 0, 0, 24;
    %store/vec4 v0x55f51597ddf0_0, 0, 24;
    %pushi/vec4 1, 0, 4;
    %store/vec4 v0x55f51597dfa0_0, 0, 4;
    %end;
    .thread T_0;
    .scope S_0x55f515969540;
T_1 ;
    %wait E_0x55f51592d7c0;
    %load/vec4 v0x55f51597e080_0;
    %flag_set/vec4 8;
    %jmp/0xz  T_1.0, 8;
    %pushi/vec4 0, 0, 24;
    %assign/vec4 v0x55f51597ddf0_0, 0;
    %pushi/vec4 0, 0, 1;
    %assign/vec4 v0x55f51597ded0_0, 0;
    %jmp T_1.1;
T_1.0 ;
    %load/vec4 v0x55f51597ddf0_0;
    %pad/u 32;
    %pushi/vec4 100000, 0, 32;
    %load/vec4 v0x55f51597dfa0_0;
    %pad/u 32;
    %mul;
    %cmp/e;
    %jmp/0xz  T_1.2, 4;
    %load/vec4 v0x55f51597ded0_0;
    %inv;
    %assign/vec4 v0x55f51597ded0_0, 0;
    %jmp T_1.3;
T_1.2 ;
    %load/vec4 v0x55f51597ddf0_0;
    %pad/u 32;
    %pushi/vec4 100000, 0, 32;
    %load/vec4 v0x55f51597dfa0_0;
    %pad/u 32;
    %mul;
    %subi 100000, 0, 32;
    %cmp/e;
    %jmp/0xz  T_1.4, 4;
    %pushi/vec4 0, 0, 1;
    %assign/vec4 v0x55f51597ded0_0, 0;
    %load/vec4 v0x55f51597dfa0_0;
    %addi 1, 0, 4;
    %assign/vec4 v0x55f51597dfa0_0, 0;
    %jmp T_1.5;
T_1.4 ;
    %load/vec4 v0x55f51597ddf0_0;
    %pad/u 32;
    %cmpi/e 25000000, 0, 32;
    %jmp/0xz  T_1.6, 4;
    %pushi/vec4 0, 0, 24;
    %assign/vec4 v0x55f51597ddf0_0, 0;
    %pushi/vec4 0, 0, 4;
    %assign/vec4 v0x55f51597dfa0_0, 0;
    %jmp T_1.7;
T_1.6 ;
    %load/vec4 v0x55f51597ddf0_0;
    %addi 1, 0, 24;
    %assign/vec4 v0x55f51597ddf0_0, 0;
T_1.7 ;
T_1.5 ;
T_1.3 ;
T_1.1 ;
    %jmp T_1;
    .thread T_1;
    .scope S_0x55f5159693b0;
T_2 ;
    %vpi_call 2 12 "$dumpfile", "v.vcd" {0 0 0};
    %vpi_call 2 13 "$dumpvars" {0 0 0};
    %end;
    .thread T_2;
    .scope S_0x55f5159693b0;
T_3 ;
    %pushi/vec4 0, 0, 1;
    %store/vec4 v0x55f51597e210_0, 0, 1;
    %pushi/vec4 1, 0, 1;
    %store/vec4 v0x55f51597e380_0, 0, 1;
    %delay 10000, 0;
    %pushi/vec4 0, 0, 1;
    %store/vec4 v0x55f51597e380_0, 0, 1;
    %end;
    .thread T_3;
    .scope S_0x55f5159693b0;
T_4 ;
    %delay 3000, 0;
    %load/vec4 v0x55f51597e210_0;
    %inv;
    %store/vec4 v0x55f51597e210_0, 0, 1;
    %jmp T_4;
    .thread T_4;
    .scope S_0x55f5159693b0;
T_5 ;
    %pushi/vec4 100, 0, 32;
T_5.0 %dup/vec4;
    %pushi/vec4 0, 0, 32;
    %cmp/s;
    %jmp/1xz T_5.1, 5;
    %jmp/1 T_5.1, 4;
    %pushi/vec4 1, 0, 32;
    %sub;
    %wait E_0x55f51592d7c0;
    %delay 1000, 0;
    %vpi_call 2 32 "$display", "Time = %0t, LEDs = %b", $time, v0x55f51597e2b0_0 {0 0 0};
    %jmp T_5.0;
T_5.1 ;
    %pop/vec4 1;
    %end;
    .thread T_5;
    .scope S_0x55f5159693b0;
T_6 ;
    %delay 9000000, 0;
    %vpi_call 2 38 "$finish" {0 0 0};
    %end;
    .thread T_6;
# The file index is used to find the file name in the following table.
:file_names 4;
    "N/A";
    "<interactive>";
    "tb.v";
    "led.v";
