#! /usr/bin/vvp
:ivl_version "11.0 (stable)";
:ivl_delay_selection "TYPICAL";
:vpi_time_precision - 12;
:vpi_module "/usr/lib/x86_64-linux-gnu/ivl/system.vpi";
:vpi_module "/usr/lib/x86_64-linux-gnu/ivl/vhdl_sys.vpi";
:vpi_module "/usr/lib/x86_64-linux-gnu/ivl/vhdl_textio.vpi";
:vpi_module "/usr/lib/x86_64-linux-gnu/ivl/v2005_math.vpi";
:vpi_module "/usr/lib/x86_64-linux-gnu/ivl/va_math.vpi";
S_0x55774e51aa20 .scope module, "tb" "tb" 2 2;
 .timescale -9 -12;
v0x55774e5394b0_0 .var "clk", 0 0;
v0x55774e539570_0 .var "rst", 0 0;
v0x55774e539630_0 .net "seg", 6 0, v0x55774e539260_0;  1 drivers
S_0x55774e51abb0 .scope module, "s" "seg" 2 8, 3 1 0, S_0x55774e51aa20;
 .timescale 0 0;
    .port_info 0 /INPUT 1 "clk";
    .port_info 1 /INPUT 1 "reset";
    .port_info 2 /INPUT 1 "button";
    .port_info 3 /OUTPUT 7 "segOut";
L_0x55774e506290 .functor NOT 1, v0x55774e539030_0, C4<0>, C4<0>, C4<0>;
L_0x55774e539760 .functor AND 1, v0x55774e538f90_0, L_0x55774e506290, C4<1>, C4<1>;
v0x55774e538b50_0 .net *"_ivl_0", 0 0, L_0x55774e506290;  1 drivers
o0x7f2ae6883168 .functor BUFZ 1, C4<z>; HiZ drive
v0x55774e538c50_0 .net "button", 0 0, o0x7f2ae6883168;  0 drivers
v0x55774e538d10_0 .net "button_out", 0 0, L_0x55774e549b40;  1 drivers
v0x55774e538db0_0 .net "change", 0 0, L_0x55774e539760;  1 drivers
v0x55774e538e50_0 .net "clk", 0 0, v0x55774e5394b0_0;  1 drivers
v0x55774e538ef0_0 .var "count", 3 0;
v0x55774e538f90_0 .var "dff_1", 0 0;
v0x55774e539030_0 .var "dff_2", 0 0;
v0x55774e5390d0_0 .net "reset", 0 0, v0x55774e539570_0;  1 drivers
o0x7f2ae6883288 .functor BUFZ 1, C4<z>; HiZ drive
v0x55774e539190_0 .net "rst", 0 0, o0x7f2ae6883288;  0 drivers
v0x55774e539260_0 .var "segOut", 6 0;
v0x55774e539320_0 .var "timer", 23 0;
E_0x55774e51f450 .event edge, v0x55774e538ef0_0;
E_0x55774e51f620 .event posedge, v0x55774e5390d0_0, v0x55774e5386d0_0;
S_0x55774e51dfe0 .scope module, "debounce_i" "debounce" 3 14, 4 1 0, S_0x55774e51abb0;
 .timescale -9 -12;
    .port_info 0 /INPUT 1 "clk";
    .port_info 1 /INPUT 1 "rst";
    .port_info 2 /INPUT 1 "button";
    .port_info 3 /OUTPUT 1 "button_out";
L_0x55774e5499e0 .functor NOT 1, L_0x55774e549890, C4<0>, C4<0>, C4<0>;
L_0x55774e549b40 .functor BUFZ 1, L_0x55774e549890, C4<0>, C4<0>, C4<0>;
L_0x7f2ae683a018 .functor BUFT 1, C4<111101000010010000>, C4<0>, C4<0>, C4<0>;
v0x55774e509610_0 .net/2u *"_ivl_0", 17 0, L_0x7f2ae683a018;  1 drivers
L_0x7f2ae683a0a8 .functor BUFT 1, C4<111101000010010000>, C4<0>, C4<0>, C4<0>;
v0x55774e505f00_0 .net/2u *"_ivl_10", 17 0, L_0x7f2ae683a0a8;  1 drivers
v0x55774e5063b0_0 .net *"_ivl_12", 17 0, L_0x55774e549c80;  1 drivers
L_0x7f2ae683a0f0 .functor BUFT 1, C4<000000000000000000>, C4<0>, C4<0>, C4<0>;
v0x55774e538180_0 .net/2u *"_ivl_14", 17 0, L_0x7f2ae683a0f0;  1 drivers
v0x55774e538260_0 .net *"_ivl_4", 0 0, L_0x55774e5499e0;  1 drivers
L_0x7f2ae683a060 .functor BUFT 1, C4<000000000000000001>, C4<0>, C4<0>, C4<0>;
v0x55774e538390_0 .net/2u *"_ivl_6", 17 0, L_0x7f2ae683a060;  1 drivers
v0x55774e538470_0 .net *"_ivl_8", 17 0, L_0x55774e549aa0;  1 drivers
v0x55774e538550_0 .net "button", 0 0, o0x7f2ae6883168;  alias, 0 drivers
v0x55774e538610_0 .net "button_out", 0 0, L_0x55774e549b40;  alias, 1 drivers
v0x55774e5386d0_0 .net "clk", 0 0, v0x55774e5394b0_0;  alias, 1 drivers
v0x55774e538790_0 .var "counter", 17 0;
v0x55774e538870_0 .net "counter_nxt", 17 0, L_0x55774e549e40;  1 drivers
v0x55774e538950_0 .net "full", 0 0, L_0x55774e549890;  1 drivers
v0x55774e538a10_0 .net "rst", 0 0, o0x7f2ae6883288;  alias, 0 drivers
E_0x55774e51eb70 .event posedge, v0x55774e5386d0_0;
L_0x55774e549890 .cmp/eq 18, v0x55774e538790_0, L_0x7f2ae683a018;
L_0x55774e549aa0 .arith/sum 18, v0x55774e538790_0, L_0x7f2ae683a060;
L_0x55774e549c80 .functor MUXZ 18, L_0x7f2ae683a0a8, L_0x55774e549aa0, L_0x55774e5499e0, C4<>;
L_0x55774e549e40 .functor MUXZ 18, L_0x7f2ae683a0f0, L_0x55774e549c80, o0x7f2ae6883168, C4<>;
    .scope S_0x55774e51dfe0;
T_0 ;
    %wait E_0x55774e51eb70;
    %load/vec4 v0x55774e538a10_0;
    %flag_set/vec4 8;
    %jmp/0xz  T_0.0, 8;
    %pushi/vec4 0, 0, 18;
    %assign/vec4 v0x55774e538790_0, 0;
    %jmp T_0.1;
T_0.0 ;
    %load/vec4 v0x55774e538870_0;
    %assign/vec4 v0x55774e538790_0, 0;
T_0.1 ;
    %jmp T_0;
    .thread T_0;
    .scope S_0x55774e51abb0;
T_1 ;
    %pushi/vec4 0, 0, 24;
    %store/vec4 v0x55774e539320_0, 0, 24;
    %end;
    .thread T_1;
    .scope S_0x55774e51abb0;
T_2 ;
    %wait E_0x55774e51eb70;
    %load/vec4 v0x55774e539190_0;
    %flag_set/vec4 8;
    %jmp/0xz  T_2.0, 8;
    %pushi/vec4 0, 0, 1;
    %assign/vec4 v0x55774e538f90_0, 0;
    %jmp T_2.1;
T_2.0 ;
    %load/vec4 v0x55774e538d10_0;
    %assign/vec4 v0x55774e538f90_0, 0;
T_2.1 ;
    %jmp T_2;
    .thread T_2;
    .scope S_0x55774e51abb0;
T_3 ;
    %wait E_0x55774e51eb70;
    %load/vec4 v0x55774e539190_0;
    %flag_set/vec4 8;
    %jmp/0xz  T_3.0, 8;
    %pushi/vec4 0, 0, 1;
    %assign/vec4 v0x55774e539030_0, 0;
    %jmp T_3.1;
T_3.0 ;
    %load/vec4 v0x55774e538f90_0;
    %assign/vec4 v0x55774e539030_0, 0;
T_3.1 ;
    %jmp T_3;
    .thread T_3;
    .scope S_0x55774e51abb0;
T_4 ;
    %wait E_0x55774e51f620;
    %load/vec4 v0x55774e5390d0_0;
    %flag_set/vec4 8;
    %jmp/0xz  T_4.0, 8;
    %pushi/vec4 0, 0, 4;
    %assign/vec4 v0x55774e538ef0_0, 0;
    %jmp T_4.1;
T_4.0 ;
    %load/vec4 v0x55774e539320_0;
    %pad/u 32;
    %cmpi/e 12, 0, 32;
    %jmp/0xz  T_4.2, 4;
    %load/vec4 v0x55774e538ef0_0;
    %addi 1, 0, 4;
    %assign/vec4 v0x55774e538ef0_0, 0;
    %pushi/vec4 0, 0, 24;
    %assign/vec4 v0x55774e539320_0, 0;
    %jmp T_4.3;
T_4.2 ;
    %load/vec4 v0x55774e538db0_0;
    %flag_set/vec4 8;
    %jmp/0xz  T_4.4, 8;
    %load/vec4 v0x55774e538ef0_0;
    %subi 1, 0, 4;
    %assign/vec4 v0x55774e538ef0_0, 0;
    %jmp T_4.5;
T_4.4 ;
    %load/vec4 v0x55774e539320_0;
    %addi 1, 0, 24;
    %assign/vec4 v0x55774e539320_0, 0;
T_4.5 ;
T_4.3 ;
T_4.1 ;
    %jmp T_4;
    .thread T_4;
    .scope S_0x55774e51abb0;
T_5 ;
    %wait E_0x55774e51f450;
    %load/vec4 v0x55774e538ef0_0;
    %dup/vec4;
    %pushi/vec4 0, 0, 4;
    %cmp/u;
    %jmp/1 T_5.0, 6;
    %dup/vec4;
    %pushi/vec4 1, 0, 4;
    %cmp/u;
    %jmp/1 T_5.1, 6;
    %dup/vec4;
    %pushi/vec4 2, 0, 4;
    %cmp/u;
    %jmp/1 T_5.2, 6;
    %dup/vec4;
    %pushi/vec4 3, 0, 4;
    %cmp/u;
    %jmp/1 T_5.3, 6;
    %dup/vec4;
    %pushi/vec4 4, 0, 4;
    %cmp/u;
    %jmp/1 T_5.4, 6;
    %dup/vec4;
    %pushi/vec4 5, 0, 4;
    %cmp/u;
    %jmp/1 T_5.5, 6;
    %dup/vec4;
    %pushi/vec4 6, 0, 4;
    %cmp/u;
    %jmp/1 T_5.6, 6;
    %dup/vec4;
    %pushi/vec4 7, 0, 4;
    %cmp/u;
    %jmp/1 T_5.7, 6;
    %dup/vec4;
    %pushi/vec4 8, 0, 4;
    %cmp/u;
    %jmp/1 T_5.8, 6;
    %dup/vec4;
    %pushi/vec4 9, 0, 4;
    %cmp/u;
    %jmp/1 T_5.9, 6;
    %pushi/vec4 127, 0, 7;
    %store/vec4 v0x55774e539260_0, 0, 7;
    %jmp T_5.11;
T_5.0 ;
    %pushi/vec4 64, 0, 7;
    %store/vec4 v0x55774e539260_0, 0, 7;
    %jmp T_5.11;
T_5.1 ;
    %pushi/vec4 121, 0, 7;
    %store/vec4 v0x55774e539260_0, 0, 7;
    %jmp T_5.11;
T_5.2 ;
    %pushi/vec4 36, 0, 7;
    %store/vec4 v0x55774e539260_0, 0, 7;
    %jmp T_5.11;
T_5.3 ;
    %pushi/vec4 48, 0, 7;
    %store/vec4 v0x55774e539260_0, 0, 7;
    %jmp T_5.11;
T_5.4 ;
    %pushi/vec4 25, 0, 7;
    %store/vec4 v0x55774e539260_0, 0, 7;
    %jmp T_5.11;
T_5.5 ;
    %pushi/vec4 18, 0, 7;
    %store/vec4 v0x55774e539260_0, 0, 7;
    %jmp T_5.11;
T_5.6 ;
    %pushi/vec4 2, 0, 7;
    %store/vec4 v0x55774e539260_0, 0, 7;
    %jmp T_5.11;
T_5.7 ;
    %pushi/vec4 120, 0, 7;
    %store/vec4 v0x55774e539260_0, 0, 7;
    %jmp T_5.11;
T_5.8 ;
    %pushi/vec4 0, 0, 7;
    %store/vec4 v0x55774e539260_0, 0, 7;
    %jmp T_5.11;
T_5.9 ;
    %pushi/vec4 16, 0, 7;
    %store/vec4 v0x55774e539260_0, 0, 7;
    %jmp T_5.11;
T_5.11 ;
    %pop/vec4 1;
    %jmp T_5;
    .thread T_5, $push;
    .scope S_0x55774e51aa20;
T_6 ;
    %vpi_call 2 11 "$dumpfile", "v.vcd" {0 0 0};
    %vpi_call 2 12 "$dumpvars" {0 0 0};
    %end;
    .thread T_6;
    .scope S_0x55774e51aa20;
T_7 ;
    %pushi/vec4 0, 0, 1;
    %store/vec4 v0x55774e5394b0_0, 0, 1;
    %pushi/vec4 1, 0, 1;
    %store/vec4 v0x55774e539570_0, 0, 1;
    %delay 10000, 0;
    %pushi/vec4 0, 0, 1;
    %store/vec4 v0x55774e539570_0, 0, 1;
    %end;
    .thread T_7;
    .scope S_0x55774e51aa20;
T_8 ;
    %delay 3000, 0;
    %load/vec4 v0x55774e5394b0_0;
    %inv;
    %store/vec4 v0x55774e5394b0_0, 0, 1;
    %jmp T_8;
    .thread T_8;
    .scope S_0x55774e51aa20;
T_9 ;
    %pushi/vec4 100, 0, 32;
T_9.0 %dup/vec4;
    %pushi/vec4 0, 0, 32;
    %cmp/s;
    %jmp/1xz T_9.1, 5;
    %jmp/1 T_9.1, 4;
    %pushi/vec4 1, 0, 32;
    %sub;
    %wait E_0x55774e51eb70;
    %delay 1000, 0;
    %vpi_call 2 31 "$display", "Time = %0t, LEDs = %b", $time, v0x55774e539630_0 {0 0 0};
    %jmp T_9.0;
T_9.1 ;
    %pop/vec4 1;
    %end;
    .thread T_9;
    .scope S_0x55774e51aa20;
T_10 ;
    %delay 9000000, 0;
    %vpi_call 2 37 "$finish" {0 0 0};
    %end;
    .thread T_10;
# The file index is used to find the file name in the following table.
:file_names 5;
    "N/A";
    "<interactive>";
    "tb.v";
    "seg.v";
    "deb.v";
